build/app/intermediates/manifest_merge_blame_file/release/manifest-merger-blame-release-report.txt
1<?xml version="1.0" encoding="utf-8"?>
2<manifest xmlns:android="http://schemas.android.com/apk/res/android"
3    package="com.g2express.customer"
4    android:versionCode="4052"
5    android:versionName="1.6.62" >
6
7    <uses-sdk
8        android:minSdkVersion="23"
8-->src\main\AndroidManifest.xml
9        android:targetSdkVersion="31" />
9-->src\main\AndroidManifest.xml
10
11    <queries>
11-->src\main\AndroidManifest.xml:12:5-25:15
12        <intent>
12-->src\main\AndroidManifest.xml:13:9-16:18
13            <action android:name="android.intent.action.VIEW" />
13-->src\main\AndroidManifest.xml:14:13-65
13-->src\main\AndroidManifest.xml:14:21-62
14
15            <data android:scheme="https" />
15-->src\main\AndroidManifest.xml:15:13-44
15-->src\main\AndroidManifest.xml:15:19-41
16        </intent>
17        <intent>
17-->src\main\AndroidManifest.xml:17:9-20:18
18            <action android:name="android.intent.action.DIAL" />
18-->src\main\AndroidManifest.xml:18:13-65
18-->src\main\AndroidManifest.xml:18:21-62
19
20            <data android:scheme="tel" />
20-->src\main\AndroidManifest.xml:15:13-44
20-->src\main\AndroidManifest.xml:15:19-41
21        </intent>
22        <intent>
22-->src\main\AndroidManifest.xml:21:9-24:18
23            <action android:name="android.intent.action.SEND" />
23-->src\main\AndroidManifest.xml:22:13-65
23-->src\main\AndroidManifest.xml:22:21-62
24
25            <data android:mimeType="*/*" />
25-->src\main\AndroidManifest.xml:15:13-44
25-->src\main\AndroidManifest.xml:23:19-41
26        </intent>
27        <intent>
27-->[:flutter_inappwebview] AndroidManifest.xml:8:9-10:18
28            <action android:name="android.support.customtabs.action.CustomTabsService" />
28-->[:flutter_inappwebview] AndroidManifest.xml:9:13-90
28-->[:flutter_inappwebview] AndroidManifest.xml:9:21-87
29        </intent>
30
31        <package android:name="com.google.android.apps.maps" />
31-->[:map_launcher] AndroidManifest.xml:8:9-64
31-->[:map_launcher] AndroidManifest.xml:8:18-61
32        <package android:name="com.google.android.apps.mapslite" />
32-->[:map_launcher] AndroidManifest.xml:9:9-68
32-->[:map_launcher] AndroidManifest.xml:9:18-65
33        <package android:name="com.autonavi.minimap" />
33-->[:map_launcher] AndroidManifest.xml:10:9-56
33-->[:map_launcher] AndroidManifest.xml:10:18-53
34        <package android:name="com.baidu.BaiduMap" />
34-->[:map_launcher] AndroidManifest.xml:11:9-54
34-->[:map_launcher] AndroidManifest.xml:11:18-51
35        <package android:name="com.waze" />
35-->[:map_launcher] AndroidManifest.xml:12:9-44
35-->[:map_launcher] AndroidManifest.xml:12:18-41
36        <package android:name="ru.yandex.yandexnavi" />
36-->[:map_launcher] AndroidManifest.xml:13:9-56
36-->[:map_launcher] AndroidManifest.xml:13:18-53
37        <package android:name="ru.yandex.yandexmaps" />
37-->[:map_launcher] AndroidManifest.xml:14:9-56
37-->[:map_launcher] AndroidManifest.xml:14:18-53
38        <package android:name="com.citymapper.app.release" />
38-->[:map_launcher] AndroidManifest.xml:15:9-62
38-->[:map_launcher] AndroidManifest.xml:15:18-59
39        <package android:name="com.mapswithme.maps.pro" />
39-->[:map_launcher] AndroidManifest.xml:16:9-59
39-->[:map_launcher] AndroidManifest.xml:16:18-56
40        <package android:name="net.osmand" />
40-->[:map_launcher] AndroidManifest.xml:17:9-46
40-->[:map_launcher] AndroidManifest.xml:17:18-43
41        <package android:name="net.osmand.plus" />
41-->[:map_launcher] AndroidManifest.xml:18:9-51
41-->[:map_launcher] AndroidManifest.xml:18:18-48
42        <package android:name="ru.dublgis.dgismobile" />
42-->[:map_launcher] AndroidManifest.xml:19:9-57
42-->[:map_launcher] AndroidManifest.xml:19:18-54
43        <package android:name="com.tencent.map" />
43-->[:map_launcher] AndroidManifest.xml:20:9-51
43-->[:map_launcher] AndroidManifest.xml:20:18-48
44        <package android:name="com.here.app.maps" />
44-->[:map_launcher] AndroidManifest.xml:21:9-53
44-->[:map_launcher] AndroidManifest.xml:21:18-50
45        <package android:name="com.huawei.maps.app" />
45-->[:map_launcher] AndroidManifest.xml:22:9-55
45-->[:map_launcher] AndroidManifest.xml:22:18-52
46        <package android:name="com.facebook.katana" />
46-->[com.facebook.android:facebook-common:14.1.1] AndroidManifest.xml:30:9-55
46-->[com.facebook.android:facebook-common:14.1.1] AndroidManifest.xml:30:18-52
47
48        <intent>
48-->[androidx.media2:media2-session:1.2.0] AndroidManifest.xml:25:9-27:18
49            <action android:name="android.media.browse.MediaBrowserService" />
49-->[androidx.media2:media2-session:1.2.0] AndroidManifest.xml:26:13-79
49-->[androidx.media2:media2-session:1.2.0] AndroidManifest.xml:26:21-76
50        </intent>
51        <intent>
51-->[androidx.media2:media2-session:1.2.0] AndroidManifest.xml:28:9-30:18
52            <action android:name="androidx.media2.session.MediaSessionService" />
52-->[androidx.media2:media2-session:1.2.0] AndroidManifest.xml:29:13-82
52-->[androidx.media2:media2-session:1.2.0] AndroidManifest.xml:29:21-79
53        </intent>
54        <intent>
54-->[androidx.media2:media2-session:1.2.0] AndroidManifest.xml:31:9-33:18
55            <action android:name="androidx.media2.session.MediaLibraryService" />
55-->[androidx.media2:media2-session:1.2.0] AndroidManifest.xml:32:13-82
55-->[androidx.media2:media2-session:1.2.0] AndroidManifest.xml:32:21-79
56        </intent>
57    </queries>
58
59    <uses-permission android:name="android.permission.INTERNET" />
59-->[:firebase_messaging] AndroidManifest.xml:7:5-67
59-->[:firebase_messaging] AndroidManifest.xml:7:22-64
60    <uses-permission android:name="android.permission.WAKE_LOCK" />
60-->[:firebase_messaging] AndroidManifest.xml:8:5-68
60-->[:firebase_messaging] AndroidManifest.xml:8:22-65
61    <uses-permission android:name="android.permission.ACCESS_NETWORK_STATE" /> <!-- Permissions options for the `notification` group -->
61-->[:firebase_messaging] AndroidManifest.xml:9:5-79
61-->[:firebase_messaging] AndroidManifest.xml:9:22-76
62    <uses-permission android:name="android.permission.POST_NOTIFICATIONS" />
62-->[:firebase_messaging] AndroidManifest.xml:11:5-77
62-->[:firebase_messaging] AndroidManifest.xml:11:22-74
63    <uses-permission android:name="android.permission.ACCESS_COARSE_LOCATION" />
63-->[:fl_location] AndroidManifest.xml:7:5-81
63-->[:fl_location] AndroidManifest.xml:7:22-78
64    <uses-permission android:name="android.permission.ACCESS_FINE_LOCATION" />
64-->[:fl_location] AndroidManifest.xml:8:5-79
64-->[:fl_location] AndroidManifest.xml:8:22-76
65    <uses-permission android:name="android.permission.FOREGROUND_SERVICE" />
65-->[:geolocator_android] AndroidManifest.xml:7:5-77
65-->[:geolocator_android] AndroidManifest.xml:7:22-74
66    <uses-permission android:name="android.permission.READ_CONTACTS" />
66-->[:fluttercontactpicker] AndroidManifest.xml:9:5-72
66-->[:fluttercontactpicker] AndroidManifest.xml:9:22-69
67    <uses-permission android:name="android.permission.RECEIVE_BOOT_COMPLETED" />
67-->[:awesome_notifications] AndroidManifest.xml:7:5-81
67-->[:awesome_notifications] AndroidManifest.xml:7:22-78
68    <uses-permission android:name="android.permission.VIBRATE" />
68-->[:awesome_notifications] AndroidManifest.xml:8:5-66
68-->[:awesome_notifications] AndroidManifest.xml:8:22-63
69
70    <uses-feature
70-->[com.google.android.gms:play-services-maps:18.1.0] AndroidManifest.xml:26:5-28:35
71        android:glEsVersion="0x00020000"
71-->[com.google.android.gms:play-services-maps:18.1.0] AndroidManifest.xml:27:9-41
72        android:required="true" /> <!-- Required by older versions of Google Play services to create IID tokens -->
72-->[com.google.android.gms:play-services-maps:18.1.0] AndroidManifest.xml:28:9-32
73    <uses-permission android:name="com.google.android.c2dm.permission.RECEIVE" />
73-->[com.google.firebase:firebase-messaging:23.1.0] AndroidManifest.xml:28:5-82
73-->[com.google.firebase:firebase-messaging:23.1.0] AndroidManifest.xml:28:22-79
74    <uses-permission android:name="com.google.android.gms.permission.AD_ID" />
74-->[com.facebook.android:facebook-core:14.1.1] AndroidManifest.xml:28:5-79
74-->[com.facebook.android:facebook-core:14.1.1] AndroidManifest.xml:28:22-76
75    <uses-permission android:name="android.permission.CAMERA" /> <!-- Don't require camera, as this requires a rear camera. This allows it to work on the Nexus 7 -->
75-->[com.journeyapps:zxing-android-embedded:4.3.0] AndroidManifest.xml:22:5-65
75-->[com.journeyapps:zxing-android-embedded:4.3.0] AndroidManifest.xml:22:22-62
76    <uses-feature
76-->[com.journeyapps:zxing-android-embedded:4.3.0] AndroidManifest.xml:25:5-27:36
77        android:name="android.hardware.camera"
77-->[com.journeyapps:zxing-android-embedded:4.3.0] AndroidManifest.xml:26:9-47
78        android:required="false" />
78-->[com.journeyapps:zxing-android-embedded:4.3.0] AndroidManifest.xml:27:9-33
79    <uses-feature
79-->[com.journeyapps:zxing-android-embedded:4.3.0] AndroidManifest.xml:28:5-30:36
80        android:name="android.hardware.camera.front"
80-->[com.journeyapps:zxing-android-embedded:4.3.0] AndroidManifest.xml:29:9-53
81        android:required="false" /> <!-- TODO replace above two with next line after Android 4.2 -->
81-->[com.journeyapps:zxing-android-embedded:4.3.0] AndroidManifest.xml:30:9-33
82    <!-- <uses-feature android:name="android.hardware.camera.any"/> -->
83    <uses-feature
83-->[com.journeyapps:zxing-android-embedded:4.3.0] AndroidManifest.xml:33:5-35:36
84        android:name="android.hardware.camera.autofocus"
84-->[com.journeyapps:zxing-android-embedded:4.3.0] AndroidManifest.xml:34:9-57
85        android:required="false" />
85-->[com.journeyapps:zxing-android-embedded:4.3.0] AndroidManifest.xml:35:9-33
86    <uses-feature
86-->[com.journeyapps:zxing-android-embedded:4.3.0] AndroidManifest.xml:36:5-38:36
87        android:name="android.hardware.camera.flash"
87-->[com.journeyapps:zxing-android-embedded:4.3.0] AndroidManifest.xml:37:9-53
88        android:required="false" />
88-->[com.journeyapps:zxing-android-embedded:4.3.0] AndroidManifest.xml:38:9-33
89    <uses-feature
89-->[com.journeyapps:zxing-android-embedded:4.3.0] AndroidManifest.xml:39:5-41:36
90        android:name="android.hardware.screen.landscape"
90-->[com.journeyapps:zxing-android-embedded:4.3.0] AndroidManifest.xml:40:9-57
91        android:required="false" />
91-->[com.journeyapps:zxing-android-embedded:4.3.0] AndroidManifest.xml:41:9-33
92    <uses-feature
92-->[com.journeyapps:zxing-android-embedded:4.3.0] AndroidManifest.xml:42:5-44:36
93        android:name="android.hardware.wifi"
93-->[com.journeyapps:zxing-android-embedded:4.3.0] AndroidManifest.xml:43:9-45
94        android:required="false" /> <!-- for android -->
94-->[com.journeyapps:zxing-android-embedded:4.3.0] AndroidManifest.xml:44:9-33
95    <!-- <uses-permission android:name="com.android.launcher.permission.READ_SETTINGS"/> -->
96    <!-- <uses-permission android:name="com.android.launcher.permission.WRITE_SETTINGS"/> -->
97    <!-- <uses-permission android:name="com.android.launcher.permission.INSTALL_SHORTCUT" /> -->
98    <!-- <uses-permission android:name="com.android.launcher.permission.UNINSTALL_SHORTCUT" /> -->
99    <!-- for Samsung -->
100    <uses-permission android:name="com.sec.android.provider.badge.permission.READ" />
100-->[me.leolin:ShortcutBadger:1.1.22] AndroidManifest.xml:19:5-86
100-->[me.leolin:ShortcutBadger:1.1.22] AndroidManifest.xml:19:22-83
101    <uses-permission android:name="com.sec.android.provider.badge.permission.WRITE" /> <!-- for htc -->
101-->[me.leolin:ShortcutBadger:1.1.22] AndroidManifest.xml:20:5-87
101-->[me.leolin:ShortcutBadger:1.1.22] AndroidManifest.xml:20:22-84
102    <uses-permission android:name="com.htc.launcher.permission.READ_SETTINGS" />
102-->[me.leolin:ShortcutBadger:1.1.22] AndroidManifest.xml:23:5-81
102-->[me.leolin:ShortcutBadger:1.1.22] AndroidManifest.xml:23:22-78
103    <uses-permission android:name="com.htc.launcher.permission.UPDATE_SHORTCUT" /> <!-- for sony -->
103-->[me.leolin:ShortcutBadger:1.1.22] AndroidManifest.xml:24:5-83
103-->[me.leolin:ShortcutBadger:1.1.22] AndroidManifest.xml:24:22-80
104    <uses-permission android:name="com.sonyericsson.home.permission.BROADCAST_BADGE" />
104-->[me.leolin:ShortcutBadger:1.1.22] AndroidManifest.xml:27:5-88
104-->[me.leolin:ShortcutBadger:1.1.22] AndroidManifest.xml:27:22-85
105    <uses-permission android:name="com.sonymobile.home.permission.PROVIDER_INSERT_BADGE" /> <!-- for apex -->
105-->[me.leolin:ShortcutBadger:1.1.22] AndroidManifest.xml:28:5-92
105-->[me.leolin:ShortcutBadger:1.1.22] AndroidManifest.xml:28:22-89
106    <uses-permission android:name="com.anddoes.launcher.permission.UPDATE_COUNT" /> <!-- for solid -->
106-->[me.leolin:ShortcutBadger:1.1.22] AndroidManifest.xml:31:5-84
106-->[me.leolin:ShortcutBadger:1.1.22] AndroidManifest.xml:31:22-81
107    <uses-permission android:name="com.majeur.launcher.permission.UPDATE_BADGE" /> <!-- for huawei -->
107-->[me.leolin:ShortcutBadger:1.1.22] AndroidManifest.xml:34:5-83
107-->[me.leolin:ShortcutBadger:1.1.22] AndroidManifest.xml:34:22-80
108    <uses-permission android:name="com.huawei.android.launcher.permission.CHANGE_BADGE" />
108-->[me.leolin:ShortcutBadger:1.1.22] AndroidManifest.xml:37:5-91
108-->[me.leolin:ShortcutBadger:1.1.22] AndroidManifest.xml:37:22-88
109    <uses-permission android:name="com.huawei.android.launcher.permission.READ_SETTINGS" />
109-->[me.leolin:ShortcutBadger:1.1.22] AndroidManifest.xml:38:5-92
109-->[me.leolin:ShortcutBadger:1.1.22] AndroidManifest.xml:38:22-89
110    <uses-permission android:name="com.huawei.android.launcher.permission.WRITE_SETTINGS" /> <!-- for ZUK -->
110-->[me.leolin:ShortcutBadger:1.1.22] AndroidManifest.xml:39:5-93
110-->[me.leolin:ShortcutBadger:1.1.22] AndroidManifest.xml:39:22-90
111    <uses-permission android:name="android.permission.READ_APP_BADGE" /> <!-- for OPPO -->
111-->[me.leolin:ShortcutBadger:1.1.22] AndroidManifest.xml:42:5-73
111-->[me.leolin:ShortcutBadger:1.1.22] AndroidManifest.xml:42:22-70
112    <uses-permission android:name="com.oppo.launcher.permission.READ_SETTINGS" />
112-->[me.leolin:ShortcutBadger:1.1.22] AndroidManifest.xml:45:5-82
112-->[me.leolin:ShortcutBadger:1.1.22] AndroidManifest.xml:45:22-79
113    <uses-permission android:name="com.oppo.launcher.permission.WRITE_SETTINGS" /> <!-- for EvMe -->
113-->[me.leolin:ShortcutBadger:1.1.22] AndroidManifest.xml:46:5-83
113-->[me.leolin:ShortcutBadger:1.1.22] AndroidManifest.xml:46:22-80
114    <uses-permission android:name="me.everything.badger.permission.BADGE_COUNT_READ" />
114-->[me.leolin:ShortcutBadger:1.1.22] AndroidManifest.xml:49:5-88
114-->[me.leolin:ShortcutBadger:1.1.22] AndroidManifest.xml:49:22-85
115    <uses-permission android:name="me.everything.badger.permission.BADGE_COUNT_WRITE" />
115-->[me.leolin:ShortcutBadger:1.1.22] AndroidManifest.xml:50:5-89
115-->[me.leolin:ShortcutBadger:1.1.22] AndroidManifest.xml:50:22-86
116    <uses-permission android:name="com.google.android.finsky.permission.BIND_GET_INSTALL_REFERRER_SERVICE" />
116-->[com.android.installreferrer:installreferrer:1.0] AndroidManifest.xml:9:5-110
116-->[com.android.installreferrer:installreferrer:1.0] AndroidManifest.xml:9:22-107
117
118    <application
119        android:name="android.app.Application"
119-->src\main\AndroidManifest.xml:29:9-42
120        android:appComponentFactory="androidx.core.app.CoreComponentFactory"
120-->[androidx.core:core:1.8.0] AndroidManifest.xml:24:18-86
121        android:extractNativeLibs="false"
122        android:icon="@mipmap/launcher_icon"
122-->src\main\AndroidManifest.xml:33:9-45
123        android:label="G2Express"
123-->src\main\AndroidManifest.xml:30:9-34
124        android:requestLegacyExternalStorage="true"
124-->src\main\AndroidManifest.xml:32:9-52
125        android:supportsRtl="true"
125-->[com.facebook.android:facebook-login:14.1.1] AndroidManifest.xml:28:18-44
126        android:usesCleartextTraffic="true" >
126-->src\main\AndroidManifest.xml:31:9-44
127
128        <!-- Start facebook login related -->
129        <meta-data
129-->src\main\AndroidManifest.xml:37:9-107
130            android:name="com.facebook.sdk.ApplicationId"
130-->src\main\AndroidManifest.xml:37:20-65
131            android:value="@string/facebook_app_id" />
131-->src\main\AndroidManifest.xml:37:66-105
132        <meta-data
132-->src\main\AndroidManifest.xml:38:9-111
133            android:name="com.facebook.sdk.ClientToken"
133-->src\main\AndroidManifest.xml:38:20-63
134            android:value="@string/facebook_client_token" />
134-->src\main\AndroidManifest.xml:38:64-109
135
136        <!-- end facebook login related -->
137
138        <activity
138-->src\main\AndroidManifest.xml:42:9-97:20
139            android:name="com.g2express.customer.MainActivity"
139-->src\main\AndroidManifest.xml:43:13-41
140            android:configChanges="orientation|keyboardHidden|keyboard|screenSize|smallestScreenSize|locale|layoutDirection|fontScale|screenLayout|density|uiMode"
140-->src\main\AndroidManifest.xml:46:13-163
141            android:exported="true"
141-->src\main\AndroidManifest.xml:49:13-36
142            android:hardwareAccelerated="true"
142-->src\main\AndroidManifest.xml:47:13-47
143            android:launchMode="singleTop"
143-->src\main\AndroidManifest.xml:44:13-43
144            android:theme="@style/LaunchTheme"
144-->src\main\AndroidManifest.xml:45:13-47
145            android:windowSoftInputMode="adjustResize" >
145-->src\main\AndroidManifest.xml:48:13-55
146
147            <!--
148                 Specifies an Android theme to apply to this Activity as soon as
149                 the Android process has started. This theme is visible to the user
150                 while the Flutter UI initializes. After that, this theme continues
151                 to determine the Window background behind the Flutter UI.
152            -->
153            <meta-data
153-->src\main\AndroidManifest.xml:54:13-57:17
154                android:name="io.flutter.embedding.android.NormalTheme"
154-->src\main\AndroidManifest.xml:55:15-70
155                android:resource="@style/NormalTheme" />
155-->src\main\AndroidManifest.xml:56:15-52
156            <!--
157                 Displays an Android View that continues showing the launch screen
158                 Drawable until Flutter paints its first frame, then this splash
159                 screen fades out. A splash screen is useful to avoid any visual
160                 gap between the end of Android's launch screen and the painting of
161                 Flutter's first frame.
162            -->
163            <meta-data
163-->src\main\AndroidManifest.xml:63:13-66:17
164                android:name="io.flutter.embedding.android.SplashScreenDrawable"
164-->src\main\AndroidManifest.xml:64:15-79
165                android:resource="@drawable/launch_background" />
165-->src\main\AndroidManifest.xml:65:15-61
166
167            <!-- Firebase notification -->
168            <meta-data
168-->src\main\AndroidManifest.xml:69:13-71:58
169                android:name="com.google.firebase.messaging.default_notification_channel_id"
169-->src\main\AndroidManifest.xml:70:17-93
170                android:value="high_importance_channel" />
170-->src\main\AndroidManifest.xml:71:17-56
171            <meta-data
171-->src\main\AndroidManifest.xml:73:13-75:64
172                android:name="com.google.firebase.messaging.default_notification_icon"
172-->src\main\AndroidManifest.xml:74:17-87
173                android:resource="@mipmap/notification_icon" />
173-->src\main\AndroidManifest.xml:75:17-61
174
175            <intent-filter>
175-->src\main\AndroidManifest.xml:77:13-80:29
176                <action android:name="android.intent.action.MAIN" />
176-->src\main\AndroidManifest.xml:78:17-68
176-->src\main\AndroidManifest.xml:78:25-66
177
178                <category android:name="android.intent.category.LAUNCHER" />
178-->src\main\AndroidManifest.xml:79:17-76
178-->src\main\AndroidManifest.xml:79:27-74
179            </intent-filter>
180            <intent-filter>
180-->src\main\AndroidManifest.xml:82:13-85:29
181                <action android:name="FLUTTER_NOTIFICATION_CLICK" />
181-->src\main\AndroidManifest.xml:83:17-69
181-->src\main\AndroidManifest.xml:83:25-66
182
183                <category android:name="android.intent.category.DEFAULT" />
183-->src\main\AndroidManifest.xml:84:17-76
183-->src\main\AndroidManifest.xml:84:27-73
184            </intent-filter>
185            <intent-filter>
185-->src\main\AndroidManifest.xml:87:13-94:29
186                <action android:name="android.intent.action.VIEW" />
186-->src\main\AndroidManifest.xml:14:13-65
186-->src\main\AndroidManifest.xml:14:21-62
187
188                <category android:name="android.intent.category.DEFAULT" />
188-->src\main\AndroidManifest.xml:84:17-76
188-->src\main\AndroidManifest.xml:84:27-73
189                <category android:name="android.intent.category.BROWSABLE" />
189-->src\main\AndroidManifest.xml:90:17-77
189-->src\main\AndroidManifest.xml:90:27-75
190
191                <data
191-->src\main\AndroidManifest.xml:15:13-44
192                    android:host="g2-express.com"
192-->src\main\AndroidManifest.xml:92:21-50
193                    android:scheme="https" />
193-->src\main\AndroidManifest.xml:15:19-41
194            </intent-filter>
195        </activity>
196        <!--
197             Don't delete the meta-data below.
198             This is used by the Flutter tool to generate GeneratedPluginRegistrant.java
199        -->
200        <meta-data
200-->src\main\AndroidManifest.xml:100:9-102:33
201            android:name="flutterEmbedding"
201-->src\main\AndroidManifest.xml:101:13-44
202            android:value="2" />
202-->src\main\AndroidManifest.xml:102:13-30
203        <meta-data
203-->src\main\AndroidManifest.xml:104:9-105:73
204            android:name="com.google.android.geo.API_KEY"
204-->src\main\AndroidManifest.xml:104:20-65
205            android:value="AIzaSyD1hXRa9UWC_nv7VzOwWEZyQMng0MdMMyE" />
205-->src\main\AndroidManifest.xml:105:16-71
206
207        <service
207-->[:firebase_messaging] AndroidManifest.xml:14:9-17:72
208            android:name="io.flutter.plugins.firebase.messaging.FlutterFirebaseMessagingBackgroundService"
208-->[:firebase_messaging] AndroidManifest.xml:15:13-107
209            android:exported="false"
209-->[:firebase_messaging] AndroidManifest.xml:16:13-37
210            android:permission="android.permission.BIND_JOB_SERVICE" />
210-->[:firebase_messaging] AndroidManifest.xml:17:13-69
211        <service
211-->[:firebase_messaging] AndroidManifest.xml:18:9-24:19
212            android:name="io.flutter.plugins.firebase.messaging.FlutterFirebaseMessagingService"
212-->[:firebase_messaging] AndroidManifest.xml:19:13-97
213            android:exported="false" >
213-->[:firebase_messaging] AndroidManifest.xml:20:13-37
214            <intent-filter>
214-->[:firebase_messaging] AndroidManifest.xml:21:13-23:29
215                <action android:name="com.google.firebase.MESSAGING_EVENT" />
215-->[:firebase_messaging] AndroidManifest.xml:22:17-78
215-->[:firebase_messaging] AndroidManifest.xml:22:25-75
216            </intent-filter>
217        </service>
218
219        <receiver
219-->[:firebase_messaging] AndroidManifest.xml:26:9-33:20
220            android:name="io.flutter.plugins.firebase.messaging.FlutterFirebaseMessagingReceiver"
220-->[:firebase_messaging] AndroidManifest.xml:27:13-98
221            android:exported="true"
221-->[:firebase_messaging] AndroidManifest.xml:28:13-36
222            android:permission="com.google.android.c2dm.permission.SEND" >
222-->[:firebase_messaging] AndroidManifest.xml:29:13-73
223            <intent-filter>
223-->[:firebase_messaging] AndroidManifest.xml:30:13-32:29
224                <action android:name="com.google.android.c2dm.intent.RECEIVE" />
224-->[:firebase_messaging] AndroidManifest.xml:31:17-81
224-->[:firebase_messaging] AndroidManifest.xml:31:25-78
225            </intent-filter>
226        </receiver>
227
228        <service
228-->[:firebase_messaging] AndroidManifest.xml:35:9-39:19
229            android:name="com.google.firebase.components.ComponentDiscoveryService"
229-->[:firebase_messaging] AndroidManifest.xml:35:18-89
230            android:directBootAware="true"
230-->[com.google.firebase:firebase-common:20.2.0] AndroidManifest.xml:34:13-43
231            android:exported="false" >
231-->[com.google.firebase:firebase-auth-ktx:21.1.0] AndroidManifest.xml:10:13-37
232            <meta-data
232-->[:firebase_messaging] AndroidManifest.xml:36:13-38:85
233                android:name="com.google.firebase.components:io.flutter.plugins.firebase.messaging.FlutterFirebaseAppRegistrar"
233-->[:firebase_messaging] AndroidManifest.xml:37:17-128
234                android:value="com.google.firebase.components.ComponentRegistrar" />
234-->[:firebase_messaging] AndroidManifest.xml:38:17-82
235            <meta-data
235-->[:firebase_crashlytics] AndroidManifest.xml:9:13-11:85
236                android:name="com.google.firebase.components:io.flutter.plugins.firebase.crashlytics.FlutterFirebaseAppRegistrar"
236-->[:firebase_crashlytics] AndroidManifest.xml:10:17-130
237                android:value="com.google.firebase.components.ComponentRegistrar" />
237-->[:firebase_crashlytics] AndroidManifest.xml:11:17-82
238            <meta-data
238-->[:cloud_firestore] AndroidManifest.xml:9:13-11:85
239                android:name="com.google.firebase.components:io.flutter.plugins.firebase.firestore.FlutterFirebaseFirestoreRegistrar"
239-->[:cloud_firestore] AndroidManifest.xml:10:17-134
240                android:value="com.google.firebase.components.ComponentRegistrar" />
240-->[:cloud_firestore] AndroidManifest.xml:11:17-82
241            <meta-data
241-->[:firebase_dynamic_links] AndroidManifest.xml:11:13-13:85
242                android:name="com.google.firebase.components:io.flutter.plugins.firebase.dynamiclinks.FlutterFirebaseAppRegistrar"
242-->[:firebase_dynamic_links] AndroidManifest.xml:12:17-131
243                android:value="com.google.firebase.components.ComponentRegistrar" />
243-->[:firebase_dynamic_links] AndroidManifest.xml:13:17-82
244            <meta-data
244-->[:firebase_auth] AndroidManifest.xml:9:13-11:85
245                android:name="com.google.firebase.components:io.flutter.plugins.firebase.auth.FlutterFirebaseAuthRegistrar"
245-->[:firebase_auth] AndroidManifest.xml:10:17-124
246                android:value="com.google.firebase.components.ComponentRegistrar" />
246-->[:firebase_auth] AndroidManifest.xml:11:17-82
247            <meta-data
247-->[:firebase_core] AndroidManifest.xml:9:13-11:85
248                android:name="com.google.firebase.components:io.flutter.plugins.firebase.core.FlutterFirebaseCoreRegistrar"
248-->[:firebase_core] AndroidManifest.xml:10:17-124
249                android:value="com.google.firebase.components.ComponentRegistrar" />
249-->[:firebase_core] AndroidManifest.xml:11:17-82
250            <meta-data
250-->[com.google.firebase:firebase-auth-ktx:21.1.0] AndroidManifest.xml:11:13-13:85
251                android:name="com.google.firebase.components:com.google.firebase.auth.ktx.FirebaseAuthKtxRegistrar"
251-->[com.google.firebase:firebase-auth-ktx:21.1.0] AndroidManifest.xml:12:17-116
252                android:value="com.google.firebase.components.ComponentRegistrar" />
252-->[com.google.firebase:firebase-auth-ktx:21.1.0] AndroidManifest.xml:13:17-82
253            <meta-data
253-->[com.google.firebase:firebase-messaging-ktx:23.1.0] AndroidManifest.xml:28:13-30:85
254                android:name="com.google.firebase.components:com.google.firebase.messaging.ktx.FirebaseMessagingKtxRegistrar"
254-->[com.google.firebase:firebase-messaging-ktx:23.1.0] AndroidManifest.xml:29:17-126
255                android:value="com.google.firebase.components.ComponentRegistrar" />
255-->[com.google.firebase:firebase-messaging-ktx:23.1.0] AndroidManifest.xml:30:17-82
256            <meta-data
256-->[com.google.firebase:firebase-common-ktx:20.2.0] AndroidManifest.xml:14:13-16:85
257                android:name="com.google.firebase.components:com.google.firebase.ktx.FirebaseCommonKtxRegistrar"
257-->[com.google.firebase:firebase-common-ktx:20.2.0] AndroidManifest.xml:15:17-113
258                android:value="com.google.firebase.components.ComponentRegistrar" />
258-->[com.google.firebase:firebase-common-ktx:20.2.0] AndroidManifest.xml:16:17-82
259            <meta-data
259-->[com.google.firebase:firebase-auth:21.1.0] AndroidManifest.xml:67:13-69:85
260                android:name="com.google.firebase.components:com.google.firebase.auth.FirebaseAuthRegistrar"
260-->[com.google.firebase:firebase-auth:21.1.0] AndroidManifest.xml:68:17-109
261                android:value="com.google.firebase.components.ComponentRegistrar" />
261-->[com.google.firebase:firebase-auth:21.1.0] AndroidManifest.xml:69:17-82
262            <meta-data
262-->[com.google.firebase:firebase-firestore:24.4.0] AndroidManifest.xml:19:13-21:85
263                android:name="com.google.firebase.components:com.google.firebase.firestore.FirestoreRegistrar"
263-->[com.google.firebase:firebase-firestore:24.4.0] AndroidManifest.xml:20:17-111
264                android:value="com.google.firebase.components.ComponentRegistrar" />
264-->[com.google.firebase:firebase-firestore:24.4.0] AndroidManifest.xml:21:17-82
265            <meta-data
265-->[com.google.firebase:firebase-messaging:23.1.0] AndroidManifest.xml:55:13-57:85
266                android:name="com.google.firebase.components:com.google.firebase.messaging.FirebaseMessagingRegistrar"
266-->[com.google.firebase:firebase-messaging:23.1.0] AndroidManifest.xml:56:17-119